Using pre-set license
Built from '6000.0/release' branch; Version is '6000.0.29f1 (9fafe5c9db65) revision 10465253'; Using compiler version '193933523'; Build Type 'Release'
OS: 'Windows 11  (10.0.22631) 64bit CoreSingleLanguage' Language: 'en' Physical Memory: 7937 MB
BatchMode: 1, IsHumanControllingUs: 0, StartBugReporterOnCrash: 0, Is64bit: 1, IsPro: 1

COMMAND LINE ARGUMENTS:
C:\Program Files\Unity\Hub\Editor\6000.0.29f1\Editor\Unity.exe
-adb2
-batchMode
-noUpm
-name
AssetImportWorker1
-projectPath
C:/Users/Abhis/OneDrive/Documents/Game Dev Projects/Unity Game Project/Snake-3D/Snake3D
-logFile
Logs/AssetImportWorker1.log
-srvPort
58474
-job-worker-count
3
-background-job-worker-count
8
-asset-garbage-collectors
1
Successfully changed project path to: C:/Users/Abhis/OneDrive/Documents/Game Dev Projects/Unity Game Project/Snake-3D/Snake3D
C:/Users/Abhis/OneDrive/Documents/Game Dev Projects/Unity Game Project/Snake-3D/Snake3D
[UnityMemory] Configuration Parameters - Can be set up in boot.config
    "memorysetup-bucket-allocator-granularity=16"
    "memorysetup-bucket-allocator-bucket-count=8"
    "memorysetup-bucket-allocator-block-size=33554432"
    "memorysetup-bucket-allocator-block-count=8"
    "memorysetup-main-allocator-block-size=16777216"
    "memorysetup-thread-allocator-block-size=16777216"
    "memorysetup-gfx-main-allocator-block-size=16777216"
    "memorysetup-gfx-thread-allocator-block-size=16777216"
    "memorysetup-cache-allocator-block-size=4194304"
    "memorysetup-typetree-allocator-block-size=2097152"
    "memorysetup-profiler-bucket-allocator-granularity=16"
    "memorysetup-profiler-bucket-allocator-bucket-count=8"
    "memorysetup-profiler-bucket-allocator-block-size=33554432"
    "memorysetup-profiler-bucket-allocator-block-count=8"
    "memorysetup-profiler-allocator-block-size=16777216"
    "memorysetup-profiler-editor-allocator-block-size=1048576"
    "memorysetup-temp-allocator-size-main=16777216"
    "memorysetup-job-temp-allocator-block-size=2097152"
    "memorysetup-job-temp-allocator-block-size-background=1048576"
    "memorysetup-job-temp-allocator-reduction-small-platforms=262144"
    "memorysetup-allocator-temp-initial-block-size-main=262144"
    "memorysetup-allocator-temp-initial-block-size-worker=262144"
    "memorysetup-temp-allocator-size-background-worker=32768"
    "memorysetup-temp-allocator-size-job-worker=262144"
    "memorysetup-temp-allocator-size-preload-manager=33554432"
    "memorysetup-temp-allocator-size-nav-mesh-worker=65536"
    "memorysetup-temp-allocator-size-audio-worker=65536"
    "memorysetup-temp-allocator-size-cloud-worker=32768"
    "memorysetup-temp-allocator-size-gi-baking-worker=262144"
    "memorysetup-temp-allocator-size-gi-baking-worker=262144"
    "memorysetup-temp-allocator-size-gi-baking-worker=262144"
    "memorysetup-temp-allocator-size-gi-baking-worker=262144"
    "memorysetup-temp-allocator-size-gi-baking-worker=262144"
    "memorysetup-temp-allocator-size-gfx=262144"
Player connection [12716]  Target information:

Player connection [12716]  * "[IP] 192.168.1.3 [Port] 0 [Flags] 2 [Guid] 961813101 [EditorId] 961813101 [Version] 1048832 [Id] WindowsEditor(7,Abhishek_PC) [Debug] 1 [PackageName] WindowsEditor [ProjectName] Editor" 

Player connection [12716] Host joined multi-casting on [225.0.0.222:54997]...
Player connection [12716] Host joined alternative multi-casting on [225.0.0.222:34997]...
JobSystem: Creating JobQueue using job-worker-count value 3
[Physics::Module] Initialized fallback backend.
[Physics::Module] Id: 0xdecafbad
Library Redirect Path: Library/
[Physics::Module] Selected backend.
[Physics::Module] Name: PhysX
[Physics::Module] Id: 0xf2b8ea05
[Physics::Module] SDK Version: 4.1.2
[Physics::Module] Integration Version: 1.0.0
[Physics::Module] Threading Mode: Multi-Threaded
Refreshing native plugins compatible for Editor in 2.10 ms, found 2 plugins.
Preloading 0 native plugins for Editor in 0.00 ms.
Initialize engine version: 6000.0.29f1 (9fafe5c9db65)
[Subsystems] Discovering subsystems at path C:/Program Files/Unity/Hub/Editor/6000.0.29f1/Editor/Data/Resources/UnitySubsystems
[Subsystems] Discovering subsystems at path C:/Users/Abhis/OneDrive/Documents/Game Dev Projects/Unity Game Project/Snake-3D/Snake3D/Assets
GfxDevice: creating device client; kGfxThreadingModeNonThreaded
Direct3D:
    Version:  Direct3D 11.0 [level 11.1]
    Renderer: NVIDIA GeForce RTX 3050 Laptop GPU (ID=0x25a2)
    Vendor:   NVIDIA
    VRAM:     3964 MB
    Driver:   32.0.15.6614
Initialize mono
Mono path[0] = 'C:/Program Files/Unity/Hub/Editor/6000.0.29f1/Editor/Data/Managed'
Mono path[1] = 'C:/Program Files/Unity/Hub/Editor/6000.0.29f1/Editor/Data/MonoBleedingEdge/lib/mono/unityjit-win32'
Mono config path = 'C:/Program Files/Unity/Hub/Editor/6000.0.29f1/Editor/Data/MonoBleedingEdge/etc'
Using monoOptions --debugger-agent=transport=dt_socket,embedding=1,server=y,suspend=n,address=127.0.0.1:56692
Begin MonoManager ReloadAssembly
Registering precompiled unity dll's ...
Register platform support module: C:/Program Files/Unity/Hub/Editor/6000.0.29f1/Editor/Data/PlaybackEngines/WindowsStandaloneSupport/UnityEditor.WindowsStandalone.Extensions.dll
Register platform support module: C:/Program Files/Unity/Hub/Editor/6000.0.29f1/Editor/Data/PlaybackEngines/AndroidPlayer/UnityEditor.Android.Extensions.dll
Registered in 0.003825 seconds.
- Loaded All Assemblies, in  0.557 seconds
Native extension for Android target not found
Android Extension - Scanning For ADB Devices 419 ms
Native extension for WindowsStandalone target not found
Mono: successfully reloaded assembly
- Finished resetting the current domain, in  1.103 seconds
Domain Reload Profiling: 1658ms
	BeginReloadAssembly (189ms)
		ExecutionOrderSort (0ms)
		DisableScriptedObjects (0ms)
		BackupInstance (0ms)
		ReleaseScriptingObjects (0ms)
		CreateAndSetChildDomain (2ms)
	RebuildCommonClasses (54ms)
	RebuildNativeTypeToScriptingClass (19ms)
	initialDomainReloadingComplete (64ms)
	LoadAllAssembliesAndSetupDomain (229ms)
		LoadAssemblies (184ms)
		RebuildTransferFunctionScriptingTraits (0ms)
		AnalyzeDomain (224ms)
			TypeCache.Refresh (221ms)
				TypeCache.ScanAssembly (199ms)
			BuildScriptInfoCaches (0ms)
			ResolveRequiredComponents (1ms)
	FinalizeReload (1104ms)
		ReleaseScriptCaches (0ms)
		RebuildScriptCaches (0ms)
		SetupLoadedEditorAssemblies (1043ms)
			LogAssemblyErrors (0ms)
			InitializePlatformSupportModulesInManaged (538ms)
			SetLoadedEditorAssemblies (7ms)
			BeforeProcessingInitializeOnLoad (42ms)
			ProcessInitializeOnLoadAttributes (314ms)
			ProcessInitializeOnLoadMethodAttributes (135ms)
			AfterProcessingInitializeOnLoad (6ms)
			EditorAssembliesLoaded (0ms)
		ExecutionOrderSort2 (0ms)
		AwakeInstancesAfterBackupRestoration (0ms)
Assembly reference Packages/com.unity.cinemachine/Editor/Samples/ExposeHDRPInternals/HDRP-Editor-ref.asmref has no target assembly definition
========================================================================
Worker process is ready to serve import requests
Import Worker Mode flag is 0x00
Assembly reference Packages/com.unity.cinemachine/Editor/Samples/ExposeHDRPInternals/HDRP-Editor-ref.asmref has no target assembly definition
Assembly reference Packages/com.unity.cinemachine/Editor/Samples/ExposeHDRPInternals/HDRP-Editor-ref.asmref has no target assembly definition
Begin MonoManager ReloadAssembly
- Loaded All Assemblies, in  1.127 seconds
Assembly reference Packages/com.unity.cinemachine/Editor/Samples/ExposeHDRPInternals/HDRP-Editor-ref.asmref has no target assembly definition
'Packages/com.unity.cinemachine/Editor/Obsolete/CinemachineVirtualCameraBaseEditor.cs' contains partial class of Unity.Object, exactly 1 of the partial classes needs to be in a file with the same filename. This is to know the one that can be referenced from ie. GameObjects
'Packages/com.unity.cinemachine/Editor/Editors/CinemachineVirtualCameraBaseEditor.cs' contains partial class of Unity.Object, exactly 1 of the partial classes needs to be in a file with the same filename. This is to know the one that can be referenced from ie. GameObjects
Refreshing native plugins compatible for Editor in 0.92 ms, found 2 plugins.
Native extension for Android target not found
Native extension for WindowsStandalone target not found
Assembly reference Packages/com.unity.cinemachine/Editor/Samples/ExposeHDRPInternals/HDRP-Editor-ref.asmref has no target assembly definition
Package Manager log level set to [2]
[Package Manager] Failed to launch server process. Reason: Unity was launched with the -noUpm command-line argument
[Package Manager] Unable to send message (not connected to server process).
[Package Manager] Cannot connect to Unity Package Manager local server
[MODES] ModeService[none].Initialize
[MODES] ModeService[none].LoadModes
[MODES] Loading mode Default (0) for mode-current-id-Snake3D
Mono: successfully reloaded assembly
- Finished resetting the current domain, in  1.317 seconds
Domain Reload Profiling: 2438ms
	BeginReloadAssembly (239ms)
		ExecutionOrderSort (0ms)
		DisableScriptedObjects (9ms)
		BackupInstance (0ms)
		ReleaseScriptingObjects (0ms)
		CreateAndSetChildDomain (41ms)
	RebuildCommonClasses (59ms)
	RebuildNativeTypeToScriptingClass (19ms)
	initialDomainReloadingComplete (51ms)
	LoadAllAssembliesAndSetupDomain (753ms)
		LoadAssemblies (529ms)
		RebuildTransferFunctionScriptingTraits (0ms)
		AnalyzeDomain (365ms)
			TypeCache.Refresh (253ms)
				TypeCache.ScanAssembly (225ms)
			BuildScriptInfoCaches (89ms)
			ResolveRequiredComponents (18ms)
	FinalizeReload (1318ms)
		ReleaseScriptCaches (0ms)
		RebuildScriptCaches (0ms)
		SetupLoadedEditorAssemblies (1036ms)
			LogAssemblyErrors (0ms)
			InitializePlatformSupportModulesInManaged (16ms)
			SetLoadedEditorAssemblies (10ms)
			BeforeProcessingInitializeOnLoad (76ms)
			ProcessInitializeOnLoadAttributes (762ms)
			ProcessInitializeOnLoadMethodAttributes (163ms)
			AfterProcessingInitializeOnLoad (8ms)
			EditorAssembliesLoaded (1ms)
		ExecutionOrderSort2 (0ms)
		AwakeInstancesAfterBackupRestoration (9ms)
Launched and connected shader compiler UnityShaderCompiler.exe after 0.02 seconds
Refreshing native plugins compatible for Editor in 0.71 ms, found 2 plugins.
Preloading 0 native plugins for Editor in 0.00 ms.
Unloading 226 Unused Serialized files (Serialized files now loaded: 0)
Unloading 4726 unused Assets / (3.9 MB). Loaded Objects now: 5407.
Memory consumption went from 148.0 MB to 144.0 MB.
Total: 13.492200 ms (FindLiveObjects: 1.652000 ms CreateObjectMapping: 0.987900 ms MarkObjects: 7.925300 ms  DeleteObjects: 2.924700 ms)

========================================================================
Received Import Request.
  Time since last request: 5549.901337 seconds.
  path: Assets/Scalable Grid Prototype Materials/Textures/prototype_texture_light_gray.png
  artifactKey: Guid(dbfde23484f7e44468e850fa3f353583) Importer(2089858483,192608db42251d675da83286b1cce702)
Start importing Assets/Scalable Grid Prototype Materials/Textures/prototype_texture_light_gray.png using Guid(dbfde23484f7e44468e850fa3f353583) Importer(2089858483,192608db42251d675da83286b1cce702) (ScriptedImporter) -> (artifact id: 'ff4cf3f14768c685eb2c9a18d3bde2b7') in 0.3909927 seconds
Number of updated asset objects reloaded before import = 0Number of asset objects unloaded after import = 1

========================================================================
Received Import Request.
  Time since last request: 0.000039 seconds.
  path: Assets/TextMesh Pro/Shaders/TMP_Bitmap.shader
  artifactKey: Guid(128e987d567d4e2c824d754223b3f3b0) Importer(2089858483,192608db42251d675da83286b1cce702)
Start importing Assets/TextMesh Pro/Shaders/TMP_Bitmap.shader using Guid(128e987d567d4e2c824d754223b3f3b0) Importer(2089858483,192608db42251d675da83286b1cce702) (ScriptedImporter) -> (artifact id: 'd9f7d564bfcf6c3c0c1703a7532cd1c5') in 0.0153018 seconds
Number of updated asset objects reloaded before import = 0Number of asset objects unloaded after import = 1

========================================================================
Received Import Request.
  Time since last request: 0.000039 seconds.
  path: Assets/Scalable Grid Prototype Materials/Materials/Prototype_Scaling_Gray.mat
  artifactKey: Guid(21ca8723c11d2d34abf1e9e595b0942a) Importer(2089858483,192608db42251d675da83286b1cce702)
Start importing Assets/Scalable Grid Prototype Materials/Materials/Prototype_Scaling_Gray.mat using Guid(21ca8723c11d2d34abf1e9e595b0942a) Importer(2089858483,192608db42251d675da83286b1cce702) (ScriptedImporter) -> (artifact id: '1259787221fe9d253177109696641ebd') in 0.0483446 seconds
Number of updated asset objects reloaded before import = 0Number of asset objects unloaded after import = 8

========================================================================
Received Import Request.
  Time since last request: 0.000028 seconds.
  path: Assets/Settings/UniversalRP-MediumQuality.asset
  artifactKey: Guid(d847b876476d3d6468f5dfcd34266f96) Importer(2089858483,192608db42251d675da83286b1cce702)
Start importing Assets/Settings/UniversalRP-MediumQuality.asset using Guid(d847b876476d3d6468f5dfcd34266f96) Importer(2089858483,192608db42251d675da83286b1cce702) (ScriptedImporter) -> (artifact id: '1007a0fad6b47b762cc45b47a6d57e18') in 0.0816458 seconds
Number of updated asset objects reloaded before import = 0Number of asset objects unloaded after import = 1

========================================================================
Received Import Request.
  Time since last request: 0.000022 seconds.
  path: Assets/Scalable Grid Prototype Materials/Textures/prototype_texture_black.png
  artifactKey: Guid(ea56026c03a4628419a6ff92a06da35f) Importer(2089858483,192608db42251d675da83286b1cce702)
Start importing Assets/Scalable Grid Prototype Materials/Textures/prototype_texture_black.png using Guid(ea56026c03a4628419a6ff92a06da35f) Importer(2089858483,192608db42251d675da83286b1cce702) (ScriptedImporter) -> (artifact id: 'c6d8ee2618520697431aa9aca8ad3b4b') in 0.0195678 seconds
Number of updated asset objects reloaded before import = 0Number of asset objects unloaded after import = 1

========================================================================
Received Import Request.
  Time since last request: 0.000030 seconds.
  path: Assets/TextMesh Pro/Shaders/TMP_SDF-Mobile.shader
  artifactKey: Guid(fe393ace9b354375a9cb14cdbbc28be4) Importer(2089858483,192608db42251d675da83286b1cce702)
Start importing Assets/TextMesh Pro/Shaders/TMP_SDF-Mobile.shader using Guid(fe393ace9b354375a9cb14cdbbc28be4) Importer(2089858483,192608db42251d675da83286b1cce702) (ScriptedImporter) -> (artifact id: 'f27d73c92f511ea93f49730540455438') in 0.0082508 seconds
Number of updated asset objects reloaded before import = 0Number of asset objects unloaded after import = 1

========================================================================
Received Import Request.
  Time since last request: 0.000024 seconds.
  path: Assets/Scalable Grid Prototype Materials/Textures/prototype_texture_white.png
  artifactKey: Guid(8130f45be7565b5449caa9960c11ce4a) Importer(2089858483,192608db42251d675da83286b1cce702)
Start importing Assets/Scalable Grid Prototype Materials/Textures/prototype_texture_white.png using Guid(8130f45be7565b5449caa9960c11ce4a) Importer(2089858483,192608db42251d675da83286b1cce702) (ScriptedImporter) -> (artifact id: 'f968ebe33e60f407bcad2983a5ed5f82') in 0.0181402 seconds
Number of updated asset objects reloaded before import = 0Number of asset objects unloaded after import = 1

========================================================================
Received Import Request.
  Time since last request: 0.000032 seconds.
  path: Assets/TextMesh Pro/Resources/TMP Settings.asset
  artifactKey: Guid(3f5b5dff67a942289a9defa416b206f3) Importer(2089858483,192608db42251d675da83286b1cce702)
Start importing Assets/TextMesh Pro/Resources/TMP Settings.asset using Guid(3f5b5dff67a942289a9defa416b206f3) Importer(2089858483,192608db42251d675da83286b1cce702) (ScriptedImporter) -> (artifact id: 'e00e806d6bdd34951e276ae02d960fa3') in 0.0568454 seconds
Number of updated asset objects reloaded before import = 0Number of asset objects unloaded after import = 15

========================================================================
Received Import Request.
  Time since last request: 0.000031 seconds.
  path: Assets/Scalable Grid Prototype Materials/Textures/prototype_texture_dark_gray.png
  artifactKey: Guid(8f6c4f88f783cf84d81195c1dfa71811) Importer(2089858483,192608db42251d675da83286b1cce702)
Start importing Assets/Scalable Grid Prototype Materials/Textures/prototype_texture_dark_gray.png using Guid(8f6c4f88f783cf84d81195c1dfa71811) Importer(2089858483,192608db42251d675da83286b1cce702) (ScriptedImporter) -> (artifact id: 'bb02dd66488213b2e85d93643240a5ab') in 0.0128339 seconds
Number of updated asset objects reloaded before import = 0Number of asset objects unloaded after import = 1

========================================================================
Received Import Request.
  Time since last request: 0.000026 seconds.
  path: Assets/TextMesh Pro/Resources/LineBreaking Following Characters.txt
  artifactKey: Guid(fade42e8bc714b018fac513c043d323b) Importer(2089858483,192608db42251d675da83286b1cce702)
Start importing Assets/TextMesh Pro/Resources/LineBreaking Following Characters.txt using Guid(fade42e8bc714b018fac513c043d323b) Importer(2089858483,192608db42251d675da83286b1cce702) (ScriptedImporter) -> (artifact id: 'f017ed5399292fb35a4c1ef439ca4e67') in 0.0057591 seconds
Number of updated asset objects reloaded before import = 0Number of asset objects unloaded after import = 1

========================================================================
Received Import Request.
  Time since last request: 0.000048 seconds.
  path: Assets/Azerilo/URP Toon Material/CustomLighting.hlsl
  artifactKey: Guid(6c1d347b93cdfa44fb1c018e3a4134f3) Importer(2089858483,192608db42251d675da83286b1cce702)
Start importing Assets/Azerilo/URP Toon Material/CustomLighting.hlsl using Guid(6c1d347b93cdfa44fb1c018e3a4134f3) Importer(2089858483,192608db42251d675da83286b1cce702) (ScriptedImporter) -> (artifact id: '50a1e13534ef74eac0bed0dc880ae0c2') in 0.0113633 seconds
Number of updated asset objects reloaded before import = 0Number of asset objects unloaded after import = 1

========================================================================
Received Import Request.
  Time since last request: 0.000022 seconds.
  path: Assets/DefaultVolumeProfile.asset
  artifactKey: Guid(2133dbe661b3b304d857ab3c5eeba9a1) Importer(2089858483,192608db42251d675da83286b1cce702)
Start importing Assets/DefaultVolumeProfile.asset using Guid(2133dbe661b3b304d857ab3c5eeba9a1) Importer(2089858483,192608db42251d675da83286b1cce702) (ScriptedImporter) -> (artifact id: '4fc62b1c72fec0ccf063eef073270540') in 0.0077788 seconds
Number of updated asset objects reloaded before import = 0Number of asset objects unloaded after import = 0

========================================================================
Received Import Request.
  Time since last request: 0.000022 seconds.
  path: Assets/Joystick Pack/Documentaion.pdf
  artifactKey: Guid(cfa813ed406827e43b967abd54ab5b9a) Importer(2089858483,192608db42251d675da83286b1cce702)
Start importing Assets/Joystick Pack/Documentaion.pdf using Guid(cfa813ed406827e43b967abd54ab5b9a) Importer(2089858483,192608db42251d675da83286b1cce702) (ScriptedImporter) -> (artifact id: '697be71525d9ea673d8c9cb4286fae22') in 0.0066796 seconds
Number of updated asset objects reloaded before import = 0Number of asset objects unloaded after import = 1

========================================================================
Received Import Request.
  Time since last request: 0.000069 seconds.
  path: Assets/Presets/Defaults/AudioDecompressOnLoad.preset
  artifactKey: Guid(e7689051185d12f4298e1ebb2693a29f) Importer(2089858483,192608db42251d675da83286b1cce702)
Start importing Assets/Presets/Defaults/AudioDecompressOnLoad.preset using Guid(e7689051185d12f4298e1ebb2693a29f) Importer(2089858483,192608db42251d675da83286b1cce702) (ScriptedImporter) -> (artifact id: '65185b4856c5d628610f4918cace555a') in 0.0118152 seconds
Number of updated asset objects reloaded before import = 0Number of asset objects unloaded after import = 1

========================================================================
Received Import Request.
  Time since last request: 0.000045 seconds.
  path: Assets/Presets/AudioStreaming.preset
  artifactKey: Guid(86bcce7f5575b54408aa0f3a7d321039) Importer(2089858483,192608db42251d675da83286b1cce702)
Start importing Assets/Presets/AudioStreaming.preset using Guid(86bcce7f5575b54408aa0f3a7d321039) Importer(2089858483,192608db42251d675da83286b1cce702) (ScriptedImporter) -> (artifact id: '27d0ee53726d61308bd367f55a7ed327') in 0.0070285 seconds
Number of updated asset objects reloaded before import = 0Number of asset objects unloaded after import = 1

========================================================================
Received Import Request.
  Time since last request: 0.000027 seconds.
  path: Assets/Presets/AudioCompressedInMemory.preset
  artifactKey: Guid(2dd802e4d37c65149922028d3e973832) Importer(2089858483,192608db42251d675da83286b1cce702)
Start importing Assets/Presets/AudioCompressedInMemory.preset using Guid(2dd802e4d37c65149922028d3e973832) Importer(2089858483,192608db42251d675da83286b1cce702) (ScriptedImporter) -> (artifact id: 'd376a8cdab20561bc2a804ef53bd2347') in 0.0081038 seconds
Number of updated asset objects reloaded before import = 0Number of asset objects unloaded after import = 1

========================================================================
Received Import Request.
  Time since last request: 0.000161 seconds.
  path: Assets/ScreenshotUtility/package.json
  artifactKey: Guid(92f2f00d3df41574795ca24e7ba1e7d8) Importer(2089858483,192608db42251d675da83286b1cce702)
Start importing Assets/ScreenshotUtility/package.json using Guid(92f2f00d3df41574795ca24e7ba1e7d8) Importer(2089858483,192608db42251d675da83286b1cce702) (ScriptedImporter) -> (artifact id: 'df4df3330f3b731a63e45aae25de830f') in 0.0101259 seconds
Number of updated asset objects reloaded before import = 0Number of asset objects unloaded after import = 1

========================================================================
Received Import Request.
  Time since last request: 0.000030 seconds.
  path: Assets/UniversalRenderPipelineGlobalSettings.asset
  artifactKey: Guid(5da100fc56fe3bc499f523bc05286a34) Importer(2089858483,192608db42251d675da83286b1cce702)
Start importing Assets/UniversalRenderPipelineGlobalSettings.asset using Guid(5da100fc56fe3bc499f523bc05286a34) Importer(2089858483,192608db42251d675da83286b1cce702) (ScriptedImporter) -> (artifact id: '0cb036563485a2e965e9b892b7da9009') in 0.0958054 seconds
Number of updated asset objects reloaded before import = 0Number of asset objects unloaded after import = 0

========================================================================
Received Import Request.
  Time since last request: 0.000024 seconds.
  path: Assets/_Assets/Prefabs/pf_Body Part.prefab
  artifactKey: Guid(adfcd7357e7be974cb92f1f7547272b0) Importer(2089858483,192608db42251d675da83286b1cce702)
Start importing Assets/_Assets/Prefabs/pf_Body Part.prefab using Guid(adfcd7357e7be974cb92f1f7547272b0) Importer(2089858483,192608db42251d675da83286b1cce702) (ScriptedImporter) -> (artifact id: '80730665e9499b600c8bbb16f6a77136') in 0.0406203 seconds
Number of updated asset objects reloaded before import = 0Number of asset objects unloaded after import = 14

========================================================================
Received Import Request.
  Time since last request: 0.000036 seconds.
  path: Assets/_Assets/_FBX/Mr_And_Mrs_Snake.fbx
  artifactKey: Guid(fb209108c79c31148b02e2ed39a1d67f) Importer(2089858483,192608db42251d675da83286b1cce702)
Start importing Assets/_Assets/_FBX/Mr_And_Mrs_Snake.fbx using Guid(fb209108c79c31148b02e2ed39a1d67f) Importer(2089858483,192608db42251d675da83286b1cce702) (ScriptedImporter) -> (artifact id: '0af90b28ca93b6adfd470dd485a69524') in 0.1891685 seconds
Number of updated asset objects reloaded before import = 0Number of asset objects unloaded after import = 479

========================================================================
Received Import Request.
  Time since last request: 0.000038 seconds.
  path: Assets/Scalable Grid Prototype Materials/Textures/prototype_texture_gray.png
  artifactKey: Guid(7b44f27d63e57b344a8e6fb97a39f4e9) Importer(2089858483,192608db42251d675da83286b1cce702)
Start importing Assets/Scalable Grid Prototype Materials/Textures/prototype_texture_gray.png using Guid(7b44f27d63e57b344a8e6fb97a39f4e9) Importer(2089858483,192608db42251d675da83286b1cce702) (ScriptedImporter) -> (artifact id: '6c7d0bb19b471b76a3188415b380e5b9') in 0.0200361 seconds
Number of updated asset objects reloaded before import = 0Number of asset objects unloaded after import = 1

========================================================================
Received Import Request.
  Time since last request: 0.000034 seconds.
  path: Assets/Joystick Pack/Scripts/Joysticks/FixedJoystick.cs
  artifactKey: Guid(45977bbae16431c46a013576a1aea384) Importer(2089858483,192608db42251d675da83286b1cce702)
Start importing Assets/Joystick Pack/Scripts/Joysticks/FixedJoystick.cs using Guid(45977bbae16431c46a013576a1aea384) Importer(2089858483,192608db42251d675da83286b1cce702) (ScriptedImporter) -> (artifact id: '54a6d148eac9c6a8f35d3d52cb61430e') in 0.0075799 seconds
Number of updated asset objects reloaded before import = 0Number of asset objects unloaded after import = 0

========================================================================
Received Import Request.
  Time since last request: 0.000023 seconds.
  path: Assets/Scalable Grid Prototype Materials/Materials/Prototype_Scaling_Yellow.mat
  artifactKey: Guid(f1e38594f14520c48bc546f3a41f4f56) Importer(2089858483,192608db42251d675da83286b1cce702)
Start importing Assets/Scalable Grid Prototype Materials/Materials/Prototype_Scaling_Yellow.mat using Guid(f1e38594f14520c48bc546f3a41f4f56) Importer(2089858483,192608db42251d675da83286b1cce702) (ScriptedImporter) -> (artifact id: '7a94e7b8b88b9033bd765ff5143a2882') in 0.02063 seconds
Number of updated asset objects reloaded before import = 0Number of asset objects unloaded after import = 8

========================================================================
Received Import Request.
  Time since last request: 0.000019 seconds.
  path: Assets/Scalable Grid Prototype Materials/Demo Scene/Material Demo Scene.unity
  artifactKey: Guid(6676c683222f8bc4bbbcf4edf44e5565) Importer(2089858483,192608db42251d675da83286b1cce702)
Start importing Assets/Scalable Grid Prototype Materials/Demo Scene/Material Demo Scene.unity using Guid(6676c683222f8bc4bbbcf4edf44e5565) Importer(2089858483,192608db42251d675da83286b1cce702) (ScriptedImporter) -> (artifact id: 'cdb74f09e039f644590dc39328878853') in 0.017981 seconds
Number of updated asset objects reloaded before import = 0Number of asset objects unloaded after import = 1

========================================================================
Received Import Request.
  Time since last request: 0.000035 seconds.
  path: Assets/Scalable Grid Prototype Materials/Materials/Prototype_Scaling_Red.mat
  artifactKey: Guid(6af20d21fdb3e9846be9fcc5368045e6) Importer(2089858483,192608db42251d675da83286b1cce702)
Start importing Assets/Scalable Grid Prototype Materials/Materials/Prototype_Scaling_Red.mat using Guid(6af20d21fdb3e9846be9fcc5368045e6) Importer(2089858483,192608db42251d675da83286b1cce702) (ScriptedImporter) -> (artifact id: '4b664d88d70ada466854b6dde8c15eb6') in 0.0219304 seconds
Number of updated asset objects reloaded before import = 0Number of asset objects unloaded after import = 8

========================================================================
Received Import Request.
  Time since last request: 0.000036 seconds.
  path: Assets/Joystick Pack/Examples/Player.mat
  artifactKey: Guid(59e4faf24927edf4a82f463ad16f1c37) Importer(2089858483,192608db42251d675da83286b1cce702)
Start importing Assets/Joystick Pack/Examples/Player.mat using Guid(59e4faf24927edf4a82f463ad16f1c37) Importer(2089858483,192608db42251d675da83286b1cce702) (ScriptedImporter) -> (artifact id: '25c5163156e6b7ff64ac6f941f0a8934') in 0.0502304 seconds
Number of updated asset objects reloaded before import = 0Number of asset objects unloaded after import = 1

========================================================================
Received Import Request.
  Time since last request: 0.000041 seconds.
  path: Assets/Joystick Pack/Examples/JoystickSetterExample.cs
  artifactKey: Guid(3d73bf03f88f371469fd7b43fc97d77e) Importer(2089858483,192608db42251d675da83286b1cce702)
Start importing Assets/Joystick Pack/Examples/JoystickSetterExample.cs using Guid(3d73bf03f88f371469fd7b43fc97d77e) Importer(2089858483,192608db42251d675da83286b1cce702) (ScriptedImporter) -> (artifact id: 'df934a5f16af3e4b60f749a82307b7c5') in 0.0070248 seconds
Number of updated asset objects reloaded before import = 0Number of asset objects unloaded after import = 0

========================================================================
Received Import Request.
  Time since last request: 0.000044 seconds.
  path: Assets/TextMesh Pro/Shaders/TMP_SDF-Surface.shader
  artifactKey: Guid(f7ada0af4f174f0694ca6a487b8f543d) Importer(2089858483,192608db42251d675da83286b1cce702)
Start importing Assets/TextMesh Pro/Shaders/TMP_SDF-Surface.shader using Guid(f7ada0af4f174f0694ca6a487b8f543d) Importer(2089858483,192608db42251d675da83286b1cce702) (ScriptedImporter) -> (artifact id: 'ca89ac1281d01c4233473650c0694fb5') in 0.006542 seconds
Number of updated asset objects reloaded before import = 0Number of asset objects unloaded after import = 1

========================================================================
Received Import Request.
  Time since last request: 0.000016 seconds.
  path: Assets/Scalable Grid Prototype Materials/Materials/Prototype_Scaling_White.mat
  artifactKey: Guid(81caf0b4f4d2ac74e847cad8de1aa792) Importer(2089858483,192608db42251d675da83286b1cce702)
Start importing Assets/Scalable Grid Prototype Materials/Materials/Prototype_Scaling_White.mat using Guid(81caf0b4f4d2ac74e847cad8de1aa792) Importer(2089858483,192608db42251d675da83286b1cce702) (ScriptedImporter) -> (artifact id: '0e7c76e2f219dbb006867e40b2fe0b02') in 0.0164479 seconds
Number of updated asset objects reloaded before import = 0Number of asset objects unloaded after import = 8

========================================================================
Received Import Request.
  Time since last request: 0.000058 seconds.
  path: Assets/TextMesh Pro/Shaders/TMPro_Properties.cginc
  artifactKey: Guid(3997e2241185407d80309a82f9148466) Importer(2089858483,192608db42251d675da83286b1cce702)
Start importing Assets/TextMesh Pro/Shaders/TMPro_Properties.cginc using Guid(3997e2241185407d80309a82f9148466) Importer(2089858483,192608db42251d675da83286b1cce702) (ScriptedImporter) -> (artifact id: 'ac894a8b7e55c1ea9fd5bb3be5f961b8') in 0.0074823 seconds
Number of updated asset objects reloaded before import = 0Number of asset objects unloaded after import = 1

========================================================================
Received Import Request.
  Time since last request: 0.000054 seconds.
  path: Assets/Joystick Pack/Sprites/Handles/Handle_Outline_Arrows.png
  artifactKey: Guid(5eda94a9dcf71e445ad17e3c065d1460) Importer(2089858483,192608db42251d675da83286b1cce702)
Start importing Assets/Joystick Pack/Sprites/Handles/Handle_Outline_Arrows.png using Guid(5eda94a9dcf71e445ad17e3c065d1460) Importer(2089858483,192608db42251d675da83286b1cce702) (ScriptedImporter) -> (artifact id: '890f2cbd8a48714096981cfc357679bc') in 0.0290445 seconds
Number of updated asset objects reloaded before import = 0Number of asset objects unloaded after import = 3

========================================================================
Received Import Request.
  Time since last request: 0.000169 seconds.
  path: Assets/Joystick Pack/Sprites/Horizontal Backgrounds/Horizontal_Ridged.png
  artifactKey: Guid(6304ad603f150b649b764d29bbc2a87b) Importer(2089858483,192608db42251d675da83286b1cce702)
Start importing Assets/Joystick Pack/Sprites/Horizontal Backgrounds/Horizontal_Ridged.png using Guid(6304ad603f150b649b764d29bbc2a87b) Importer(2089858483,192608db42251d675da83286b1cce702) (ScriptedImporter) -> (artifact id: '03eb23db182cb2f15cf18683153b272b') in 0.0197648 seconds
Number of updated asset objects reloaded before import = 0Number of asset objects unloaded after import = 3

========================================================================
Received Import Request.
  Time since last request: 0.000022 seconds.
  path: Assets/Joystick Pack/Sprites/Handles/Handle_Ridged_Arrows.png
  artifactKey: Guid(a6c56474666ce0647bdb766e9b4764b3) Importer(2089858483,192608db42251d675da83286b1cce702)
Start importing Assets/Joystick Pack/Sprites/Handles/Handle_Ridged_Arrows.png using Guid(a6c56474666ce0647bdb766e9b4764b3) Importer(2089858483,192608db42251d675da83286b1cce702) (ScriptedImporter) -> (artifact id: 'c51d3bdf3242a7d2d152128e1e5f655d') in 0.0146711 seconds
Number of updated asset objects reloaded before import = 0Number of asset objects unloaded after import = 3

========================================================================
Received Import Request.
  Time since last request: 0.000018 seconds.
  path: Assets/Joystick Pack/Sprites/Handles/Handle_Ridged.png
  artifactKey: Guid(3a74f678ee8f3bd49aacf3de1ae4bcaa) Importer(2089858483,192608db42251d675da83286b1cce702)
Start importing Assets/Joystick Pack/Sprites/Handles/Handle_Ridged.png using Guid(3a74f678ee8f3bd49aacf3de1ae4bcaa) Importer(2089858483,192608db42251d675da83286b1cce702) (ScriptedImporter) -> (artifact id: 'baf5b3a11fb58452966b8f3dbadd8f08') in 0.0135107 seconds
Number of updated asset objects reloaded before import = 0Number of asset objects unloaded after import = 3

========================================================================
Received Import Request.
  Time since last request: 0.000024 seconds.
  path: Assets/Settings/UniversalRP-HighQuality.asset
  artifactKey: Guid(19ba41d7c0026c3459d37c2fe90c55a0) Importer(2089858483,192608db42251d675da83286b1cce702)
Start importing Assets/Settings/UniversalRP-HighQuality.asset using Guid(19ba41d7c0026c3459d37c2fe90c55a0) Importer(2089858483,192608db42251d675da83286b1cce702) (ScriptedImporter) -> (artifact id: 'd9ef4a3e463891c3e57a74e0f715373e') in 0.0123531 seconds
Number of updated asset objects reloaded before import = 0Number of asset objects unloaded after import = 1

========================================================================
Received Import Request.
  Time since last request: 0.000047 seconds.
  path: Assets/TextMesh Pro/Shaders/TMP_SDF.shader
  artifactKey: Guid(68e6db2ebdc24f95958faec2be5558d6) Importer(2089858483,192608db42251d675da83286b1cce702)
Start importing Assets/TextMesh Pro/Shaders/TMP_SDF.shader using Guid(68e6db2ebdc24f95958faec2be5558d6) Importer(2089858483,192608db42251d675da83286b1cce702) (ScriptedImporter) -> (artifact id: '67c6851f2fa837be430660bb50ae7ef0') in 0.0087262 seconds
Number of updated asset objects reloaded before import = 0Number of asset objects unloaded after import = 1

========================================================================
Received Import Request.
  Time since last request: 0.000033 seconds.
  path: Assets/TextMesh Pro/Shaders/TMP_SDF-Surface-Mobile.shader
  artifactKey: Guid(85187c2149c549c5b33f0cdb02836b17) Importer(2089858483,192608db42251d675da83286b1cce702)
Start importing Assets/TextMesh Pro/Shaders/TMP_SDF-Surface-Mobile.shader using Guid(85187c2149c549c5b33f0cdb02836b17) Importer(2089858483,192608db42251d675da83286b1cce702) (ScriptedImporter) -> (artifact id: '49d2cf4a3ada18962125381153e4a57d') in 0.0092418 seconds
Number of updated asset objects reloaded before import = 0Number of asset objects unloaded after import = 1

========================================================================
Received Import Request.
  Time since last request: 0.000088 seconds.
  path: Assets/Readme.asset
  artifactKey: Guid(83c2ed844a8c74b779a4c823d16594b1) Importer(2089858483,192608db42251d675da83286b1cce702)
Start importing Assets/Readme.asset using Guid(83c2ed844a8c74b779a4c823d16594b1) Importer(2089858483,192608db42251d675da83286b1cce702) (ScriptedImporter) -> (artifact id: 'ed258a50ce188526edbb8b20f300736a') in 0.0092077 seconds
Number of updated asset objects reloaded before import = 0Number of asset objects unloaded after import = 2

========================================================================
Received Import Request.
  Time since last request: 0.000022 seconds.
  path: Assets/Joystick Pack/Sprites/All Axis Backgrounds/AllAxis_Plain_Arrows.png
  artifactKey: Guid(2a1f3cba20f3e11498474a705db12fde) Importer(2089858483,192608db42251d675da83286b1cce702)
Start importing Assets/Joystick Pack/Sprites/All Axis Backgrounds/AllAxis_Plain_Arrows.png using Guid(2a1f3cba20f3e11498474a705db12fde) Importer(2089858483,192608db42251d675da83286b1cce702) (ScriptedImporter) -> (artifact id: '35c93d63ae0f74a909ad930ce375b5af') in 0.0193776 seconds
Number of updated asset objects reloaded before import = 0Number of asset objects unloaded after import = 3

========================================================================
Received Import Request.
  Time since last request: 0.000026 seconds.
  path: Assets/Joystick Pack/Prefabs/Floating Joystick.prefab
  artifactKey: Guid(0d230cc8be529a542a08cb878ab14b18) Importer(2089858483,192608db42251d675da83286b1cce702)
Start importing Assets/Joystick Pack/Prefabs/Floating Joystick.prefab using Guid(0d230cc8be529a542a08cb878ab14b18) Importer(2089858483,192608db42251d675da83286b1cce702) (ScriptedImporter) -> (artifact id: '468aefda95e1ad96b04ed0b2c978e4da') in 0.0501887 seconds
Number of updated asset objects reloaded before import = 0Number of asset objects unloaded after import = 17

========================================================================
Received Import Request.
  Time since last request: 0.000022 seconds.
  path: Assets/TextMesh Pro/Shaders/TMPro_Mobile.cginc
  artifactKey: Guid(c334973cef89a9840b0b0c507e0377ab) Importer(2089858483,192608db42251d675da83286b1cce702)
Start importing Assets/TextMesh Pro/Shaders/TMPro_Mobile.cginc using Guid(c334973cef89a9840b0b0c507e0377ab) Importer(2089858483,192608db42251d675da83286b1cce702) (ScriptedImporter) -> (artifact id: 'e1aac8dd35221e2a3332f147717b61cf') in 0.0047684 seconds
Number of updated asset objects reloaded before import = 0Number of asset objects unloaded after import = 1

========================================================================
Received Import Request.
  Time since last request: 0.000032 seconds.
  path: Assets/Scalable Grid Prototype Materials/Textures/prototype_texture_red.png
  artifactKey: Guid(0b6977d7c811998458f577abe12384c4) Importer(2089858483,192608db42251d675da83286b1cce702)
Start importing Assets/Scalable Grid Prototype Materials/Textures/prototype_texture_red.png using Guid(0b6977d7c811998458f577abe12384c4) Importer(2089858483,192608db42251d675da83286b1cce702) (ScriptedImporter) -> (artifact id: 'c23cc24faa5227f2dbda4599a2728aac') in 0.0132613 seconds
Number of updated asset objects reloaded before import = 0Number of asset objects unloaded after import = 1

========================================================================
Received Import Request.
  Time since last request: 0.000020 seconds.
  path: Assets/Joystick Pack/Sprites/Vertical Backgrounds/Vertical_Plain_Arrows.png
  artifactKey: Guid(3bf6d9f920f7458448a390f80318ebe6) Importer(2089858483,192608db42251d675da83286b1cce702)
Start importing Assets/Joystick Pack/Sprites/Vertical Backgrounds/Vertical_Plain_Arrows.png using Guid(3bf6d9f920f7458448a390f80318ebe6) Importer(2089858483,192608db42251d675da83286b1cce702) (ScriptedImporter) -> (artifact id: '5769dc96965c582fd09bd1a3c586d460') in 0.0188041 seconds
Number of updated asset objects reloaded before import = 0Number of asset objects unloaded after import = 3

========================================================================
Received Import Request.
  Time since last request: 0.000027 seconds.
  path: Assets/Joystick Pack/Sprites/Horizontal Backgrounds/Horizontal_Outline.png
  artifactKey: Guid(cd0a2c1b2c014ba4c80c1df786e150e9) Importer(2089858483,192608db42251d675da83286b1cce702)
Start importing Assets/Joystick Pack/Sprites/Horizontal Backgrounds/Horizontal_Outline.png using Guid(cd0a2c1b2c014ba4c80c1df786e150e9) Importer(2089858483,192608db42251d675da83286b1cce702) (ScriptedImporter) -> (artifact id: '4aababdbb99f21aaacab72db877dd175') in 0.0208569 seconds
Number of updated asset objects reloaded before import = 0Number of asset objects unloaded after import = 3

========================================================================
Received Import Request.
  Time since last request: 0.000019 seconds.
  path: Assets/Scalable Grid Prototype Materials/Textures/prototype_texture_violet.png
  artifactKey: Guid(a15c398614edbbd42afad965e9cff7aa) Importer(2089858483,192608db42251d675da83286b1cce702)
Start importing Assets/Scalable Grid Prototype Materials/Textures/prototype_texture_violet.png using Guid(a15c398614edbbd42afad965e9cff7aa) Importer(2089858483,192608db42251d675da83286b1cce702) (ScriptedImporter) -> (artifact id: 'c6fd1a08b25fc99848879a02695f8db9') in 0.0129031 seconds
Number of updated asset objects reloaded before import = 0Number of asset objects unloaded after import = 1

========================================================================
Received Import Request.
  Time since last request: 0.000024 seconds.
  path: Assets/TutorialInfo/Icons/UniversalIcon.png
  artifactKey: Guid(7801804018a7dcf42abb827444e18660) Importer(2089858483,192608db42251d675da83286b1cce702)
Start importing Assets/TutorialInfo/Icons/UniversalIcon.png using Guid(7801804018a7dcf42abb827444e18660) Importer(2089858483,192608db42251d675da83286b1cce702) (ScriptedImporter) -> (artifact id: 'fd1050d0403ca5821a36d0c34b950509') in 0.0104155 seconds
Number of updated asset objects reloaded before import = 0Number of asset objects unloaded after import = 1

========================================================================
Received Import Request.
  Time since last request: 0.000023 seconds.
  path: Assets/Scalable Grid Prototype Materials/Textures/prototype_texture_yellow.png
  artifactKey: Guid(a717ac18e7dc1f84484097a47786a423) Importer(2089858483,192608db42251d675da83286b1cce702)
Start importing Assets/Scalable Grid Prototype Materials/Textures/prototype_texture_yellow.png using Guid(a717ac18e7dc1f84484097a47786a423) Importer(2089858483,192608db42251d675da83286b1cce702) (ScriptedImporter) -> (artifact id: 'f42c9519f39255a2f59f669ad7e2f43e') in 0.0163465 seconds
Number of updated asset objects reloaded before import = 0Number of asset objects unloaded after import = 1

========================================================================
Received Import Request.
  Time since last request: 0.000028 seconds.
  path: Assets/Joystick Pack/Sprites/All Axis Backgrounds/AllAxis_Plain.png
  artifactKey: Guid(84487d73ca4b791498332d8f6858417f) Importer(2089858483,192608db42251d675da83286b1cce702)
Start importing Assets/Joystick Pack/Sprites/All Axis Backgrounds/AllAxis_Plain.png using Guid(84487d73ca4b791498332d8f6858417f) Importer(2089858483,192608db42251d675da83286b1cce702) (ScriptedImporter) -> (artifact id: '913fbe155bb16855a1942554f4a4f152') in 0.0185893 seconds
Number of updated asset objects reloaded before import = 0Number of asset objects unloaded after import = 3

========================================================================
Received Import Request.
  Time since last request: 0.000035 seconds.
  path: Assets/TextMesh Pro/Resources/Fonts & Materials/LiberationSans SDF - Outline.mat
  artifactKey: Guid(79459efec17a4d00a321bdcc27bbc385) Importer(2089858483,192608db42251d675da83286b1cce702)
Start importing Assets/TextMesh Pro/Resources/Fonts & Materials/LiberationSans SDF - Outline.mat using Guid(79459efec17a4d00a321bdcc27bbc385) Importer(2089858483,192608db42251d675da83286b1cce702) (ScriptedImporter) -> (artifact id: '3fe161c4a7c98e2bad2f1e3450e38793') in 0.0283306 seconds
Number of updated asset objects reloaded before import = 0Number of asset objects unloaded after import = 2

========================================================================
Received Import Request.
  Time since last request: 0.000031 seconds.
  path: Assets/_Assets/Fonts/milky_nice/MilkyNice-Clean.otf
  artifactKey: Guid(70eff0c3b3e32d944af3fec8f980c0a1) Importer(2089858483,192608db42251d675da83286b1cce702)
Start importing Assets/_Assets/Fonts/milky_nice/MilkyNice-Clean.otf using Guid(70eff0c3b3e32d944af3fec8f980c0a1) Importer(2089858483,192608db42251d675da83286b1cce702) (ScriptedImporter) -> (artifact id: 'a9fb8ba14f09a52aa2783eeb505da9db') in 0.0242795 seconds
Number of updated asset objects reloaded before import = 0Number of asset objects unloaded after import = 3

========================================================================
Received Import Request.
  Time since last request: 0.000098 seconds.
  path: Assets/TextMesh Pro/Resources/Style Sheets/Default Style Sheet.asset
  artifactKey: Guid(f952c082cb03451daed3ee968ac6c63e) Importer(2089858483,192608db42251d675da83286b1cce702)
Start importing Assets/TextMesh Pro/Resources/Style Sheets/Default Style Sheet.asset using Guid(f952c082cb03451daed3ee968ac6c63e) Importer(2089858483,192608db42251d675da83286b1cce702) (ScriptedImporter) -> (artifact id: '74fe9897932ca6b7ef2c65aa51531305') in 0.0126945 seconds
Number of updated asset objects reloaded before import = 0Number of asset objects unloaded after import = 1

========================================================================
Received Import Request.
  Time since last request: 0.000025 seconds.
  path: Assets/TextMesh Pro/Resources/Fonts & Materials/LiberationSans SDF.asset
  artifactKey: Guid(8f586378b4e144a9851e7b34d9b748ee) Importer(2089858483,192608db42251d675da83286b1cce702)
Start importing Assets/TextMesh Pro/Resources/Fonts & Materials/LiberationSans SDF.asset using Guid(8f586378b4e144a9851e7b34d9b748ee) Importer(2089858483,192608db42251d675da83286b1cce702) (ScriptedImporter) -> (artifact id: 'aff43a9d3d56ad79fe2bdfe37e49e7f2') in 0.0731027 seconds
Number of updated asset objects reloaded before import = 0Number of asset objects unloaded after import = 8

========================================================================
Received Import Request.
  Time since last request: 0.000041 seconds.
  path: Assets/_Assets/_FBX/Materials/Cap_yellow.mat
  artifactKey: Guid(6796c727a6aea134f88fd9ddc525ba0d) Importer(2089858483,192608db42251d675da83286b1cce702)
Start importing Assets/_Assets/_FBX/Materials/Cap_yellow.mat using Guid(6796c727a6aea134f88fd9ddc525ba0d) Importer(2089858483,192608db42251d675da83286b1cce702) (ScriptedImporter) -> (artifact id: '666a3cb550acfd01f2b02bce3b532aee') in 0.0155783 seconds
Number of updated asset objects reloaded before import = 0Number of asset objects unloaded after import = 1

========================================================================
Received Import Request.
  Time since last request: 0.000022 seconds.
  path: Assets/_Assets/_FBX/Forest Pack Materials/light_brown.mat
  artifactKey: Guid(9ad5724718df9b742ac69347ae596600) Importer(2089858483,192608db42251d675da83286b1cce702)
Start importing Assets/_Assets/_FBX/Forest Pack Materials/light_brown.mat using Guid(9ad5724718df9b742ac69347ae596600) Importer(2089858483,192608db42251d675da83286b1cce702) (ScriptedImporter) -> (artifact id: '9f5a08eb9b55668673f88222d3573386') in 0.0113615 seconds
Number of updated asset objects reloaded before import = 0Number of asset objects unloaded after import = 1

========================================================================
Received Import Request.
  Time since last request: 0.000024 seconds.
  path: Assets/_Assets/Fonts/milky_nice/MilkyNice.otf
  artifactKey: Guid(844e63443fda3624185cf9924a045804) Importer(2089858483,192608db42251d675da83286b1cce702)
Start importing Assets/_Assets/Fonts/milky_nice/MilkyNice.otf using Guid(844e63443fda3624185cf9924a045804) Importer(2089858483,192608db42251d675da83286b1cce702) (ScriptedImporter) -> (artifact id: '67b54f4b3827566e344f34525c30a68f') in 0.0214075 seconds
Number of updated asset objects reloaded before import = 0Number of asset objects unloaded after import = 3

========================================================================
Received Import Request.
  Time since last request: 0.000026 seconds.
  path: Assets/TutorialInfo/Scripts/Editor/ReadmeEditor.cs
  artifactKey: Guid(476cc7d7cd9874016adc216baab94a0a) Importer(2089858483,192608db42251d675da83286b1cce702)
Start importing Assets/TutorialInfo/Scripts/Editor/ReadmeEditor.cs using Guid(476cc7d7cd9874016adc216baab94a0a) Importer(2089858483,192608db42251d675da83286b1cce702) (ScriptedImporter) -> (artifact id: '9fa81da085cf27ac9814c952a4ab11f2') in 0.009533 seconds
Number of updated asset objects reloaded before import = 0Number of asset objects unloaded after import = 0

========================================================================
Received Import Request.
  Time since last request: 0.000043 seconds.
  path: Assets/_Assets/_FBX/Materials/Hair_ribbon_blue.mat
  artifactKey: Guid(b2fe82cb2b9bf6b48a52f418598fc09a) Importer(2089858483,192608db42251d675da83286b1cce702)
Start importing Assets/_Assets/_FBX/Materials/Hair_ribbon_blue.mat using Guid(b2fe82cb2b9bf6b48a52f418598fc09a) Importer(2089858483,192608db42251d675da83286b1cce702) (ScriptedImporter) -> (artifact id: '13c80e5256a1a48b8482e2b5fa028e6e') in 0.0110894 seconds
Number of updated asset objects reloaded before import = 0Number of asset objects unloaded after import = 1

========================================================================
Received Import Request.
  Time since last request: 0.000032 seconds.
  path: Assets/Joystick Pack/Sprites/Vertical Backgrounds/Vertical_Ridged_Arrows.png
  artifactKey: Guid(9332cf0d233636a40a024382720294a3) Importer(2089858483,192608db42251d675da83286b1cce702)
Start importing Assets/Joystick Pack/Sprites/Vertical Backgrounds/Vertical_Ridged_Arrows.png using Guid(9332cf0d233636a40a024382720294a3) Importer(2089858483,192608db42251d675da83286b1cce702) (ScriptedImporter) -> (artifact id: 'af167af902db354047e66fe58480f280') in 0.0189564 seconds
Number of updated asset objects reloaded before import = 0Number of asset objects unloaded after import = 3

========================================================================
Received Import Request.
  Time since last request: 0.000021 seconds.
  path: Assets/_Assets/_FBX/Materials/Pupil_Black.mat
  artifactKey: Guid(5625b5801b905d14bab36f63adfaea3d) Importer(2089858483,192608db42251d675da83286b1cce702)
Start importing Assets/_Assets/_FBX/Materials/Pupil_Black.mat using Guid(5625b5801b905d14bab36f63adfaea3d) Importer(2089858483,192608db42251d675da83286b1cce702) (ScriptedImporter) -> (artifact id: '1752b22842791d8ee01eea75f1372a6a') in 0.0062339 seconds
Number of updated asset objects reloaded before import = 0Number of asset objects unloaded after import = 1

========================================================================
Received Import Request.
  Time since last request: 0.000025 seconds.
  path: Assets/_Assets/_FBX/Forest Pack Materials/green.mat
  artifactKey: Guid(3072f968e28a9d24e844b70cc54a6ec0) Importer(2089858483,192608db42251d675da83286b1cce702)
Start importing Assets/_Assets/_FBX/Forest Pack Materials/green.mat using Guid(3072f968e28a9d24e844b70cc54a6ec0) Importer(2089858483,192608db42251d675da83286b1cce702) (ScriptedImporter) -> (artifact id: 'd380c3ffbc3e7e06988c2624e8442336') in 0.0093906 seconds
Number of updated asset objects reloaded before import = 0Number of asset objects unloaded after import = 1

========================================================================
Received Import Request.
  Time since last request: 0.000020 seconds.
  path: Assets/_Assets/_FBX/Materials/Brown.mat
  artifactKey: Guid(02d0f5c5a4b14e44db4026f26df5cfec) Importer(2089858483,192608db42251d675da83286b1cce702)
Start importing Assets/_Assets/_FBX/Materials/Brown.mat using Guid(02d0f5c5a4b14e44db4026f26df5cfec) Importer(2089858483,192608db42251d675da83286b1cce702) (ScriptedImporter) -> (artifact id: 'f520110b533aef2edac64eea943ca8b0') in 0.0069955 seconds
Number of updated asset objects reloaded before import = 0Number of asset objects unloaded after import = 1

========================================================================
Received Import Request.
  Time since last request: 0.000058 seconds.
  path: Assets/TextMesh Pro/Shaders/TMPro.cginc
  artifactKey: Guid(407bc68d299748449bbf7f48ee690f8d) Importer(2089858483,192608db42251d675da83286b1cce702)
Start importing Assets/TextMesh Pro/Shaders/TMPro.cginc using Guid(407bc68d299748449bbf7f48ee690f8d) Importer(2089858483,192608db42251d675da83286b1cce702) (ScriptedImporter) -> (artifact id: '87cd39a1d31497f692731cb215e1e335') in 0.0066326 seconds
Number of updated asset objects reloaded before import = 0Number of asset objects unloaded after import = 1

========================================================================
Received Import Request.
  Time since last request: 0.000025 seconds.
  path: Assets/_Assets/_FBX/Materials/Nose_Green.mat
  artifactKey: Guid(986855a013914a340a88e1ff913c3770) Importer(2089858483,192608db42251d675da83286b1cce702)
Start importing Assets/_Assets/_FBX/Materials/Nose_Green.mat using Guid(986855a013914a340a88e1ff913c3770) Importer(2089858483,192608db42251d675da83286b1cce702) (ScriptedImporter) -> (artifact id: '7912fe8e94f1489b7cc543bdb208058b') in 0.0080353 seconds
Number of updated asset objects reloaded before import = 0Number of asset objects unloaded after import = 1

========================================================================
Received Import Request.
  Time since last request: 0.000038 seconds.
  path: Assets/ScreenshotUtility/changelog.md
  artifactKey: Guid(f9db52175bdc59e4897d8c7efb0f7dad) Importer(2089858483,192608db42251d675da83286b1cce702)
Start importing Assets/ScreenshotUtility/changelog.md using Guid(f9db52175bdc59e4897d8c7efb0f7dad) Importer(2089858483,192608db42251d675da83286b1cce702) (ScriptedImporter) -> (artifact id: 'b7fda26a83c604bf278a8f93bf51e338') in 0.0072811 seconds
Number of updated asset objects reloaded before import = 0Number of asset objects unloaded after import = 1

========================================================================
Received Import Request.
  Time since last request: 0.000020 seconds.
  path: Assets/_Assets/Materials/T 2.mat
  artifactKey: Guid(9af5fdbadd209564394a032324f8af4b) Importer(2089858483,192608db42251d675da83286b1cce702)
Start importing Assets/_Assets/Materials/T 2.mat using Guid(9af5fdbadd209564394a032324f8af4b) Importer(2089858483,192608db42251d675da83286b1cce702) (ScriptedImporter) -> (artifact id: 'ee1a58903495b51178469a3d92b0a4b4') in 0.0162919 seconds
Number of updated asset objects reloaded before import = 0Number of asset objects unloaded after import = 1

========================================================================
Received Import Request.
  Time since last request: 0.000022 seconds.
  path: Assets/Scalable Grid Prototype Materials/Materials/Prototype_Scaling_Blue_Sapphire.mat
  artifactKey: Guid(aa60dc0f504f8eb41974f50e1528f594) Importer(2089858483,192608db42251d675da83286b1cce702)
Start importing Assets/Scalable Grid Prototype Materials/Materials/Prototype_Scaling_Blue_Sapphire.mat using Guid(aa60dc0f504f8eb41974f50e1528f594) Importer(2089858483,192608db42251d675da83286b1cce702) (ScriptedImporter) -> (artifact id: 'aa520eded485b85a98d432115958e6a0') in 0.0211513 seconds
Number of updated asset objects reloaded before import = 0Number of asset objects unloaded after import = 8

========================================================================
Received Import Request.
  Time since last request: 0.000025 seconds.
  path: Assets/_Assets/_FBX/Materials/Tongue.mat
  artifactKey: Guid(8bb7c88dda072a048b06e13a260fad3a) Importer(2089858483,192608db42251d675da83286b1cce702)
Start importing Assets/_Assets/_FBX/Materials/Tongue.mat using Guid(8bb7c88dda072a048b06e13a260fad3a) Importer(2089858483,192608db42251d675da83286b1cce702) (ScriptedImporter) -> (artifact id: 'a857f6e03d7c4371a88d409055b60f3b') in 0.0093127 seconds
Number of updated asset objects reloaded before import = 0Number of asset objects unloaded after import = 1

========================================================================
Received Import Request.
  Time since last request: 0.000029 seconds.
  path: Assets/_Assets/Materials/Zero Friction.physicMaterial
  artifactKey: Guid(aa0b583e6f96c8c4abb0561d346fcc0b) Importer(2089858483,192608db42251d675da83286b1cce702)
Start importing Assets/_Assets/Materials/Zero Friction.physicMaterial using Guid(aa0b583e6f96c8c4abb0561d346fcc0b) Importer(2089858483,192608db42251d675da83286b1cce702) (ScriptedImporter) -> (artifact id: '797f12afbef60c6c4efaac9c1b40223e') in 0.0069173 seconds
Number of updated asset objects reloaded before import = 0Number of asset objects unloaded after import = 1

========================================================================
Received Import Request.
  Time since last request: 0.000032 seconds.
  path: Assets/TextMesh Pro/Shaders/SDFFunctions.hlsl
  artifactKey: Guid(96de908384869cd409c75efa351d5edf) Importer(2089858483,192608db42251d675da83286b1cce702)
Start importing Assets/TextMesh Pro/Shaders/SDFFunctions.hlsl using Guid(96de908384869cd409c75efa351d5edf) Importer(2089858483,192608db42251d675da83286b1cce702) (ScriptedImporter) -> (artifact id: 'e2c69a4b85dbce98332f43e9eb18c95e') in 0.0064243 seconds
Number of updated asset objects reloaded before import = 0Number of asset objects unloaded after import = 1

========================================================================
Received Import Request.
  Time since last request: 0.000033 seconds.
  path: Assets/Scenes/SampleSceneLightingSettings.lighting
  artifactKey: Guid(477cc4148fad3449482a3bc3178594e2) Importer(2089858483,192608db42251d675da83286b1cce702)
Start importing Assets/Scenes/SampleSceneLightingSettings.lighting using Guid(477cc4148fad3449482a3bc3178594e2) Importer(2089858483,192608db42251d675da83286b1cce702) (ScriptedImporter) -> (artifact id: '43799a31178f900cbd06621f68515edd') in 0.023078 seconds
Number of updated asset objects reloaded before import = 0Number of asset objects unloaded after import = 1

========================================================================
Received Import Request.
  Time since last request: 0.000021 seconds.
  path: Assets/_Assets/_FBX/Materials/Hair_ribbon_red.mat
  artifactKey: Guid(56771fce42b930b48a97da0462e17687) Importer(2089858483,192608db42251d675da83286b1cce702)
Start importing Assets/_Assets/_FBX/Materials/Hair_ribbon_red.mat using Guid(56771fce42b930b48a97da0462e17687) Importer(2089858483,192608db42251d675da83286b1cce702) (ScriptedImporter) -> (artifact id: '429d21c872242881db847b435ba7d2eb') in 0.0071186 seconds
Number of updated asset objects reloaded before import = 0Number of asset objects unloaded after import = 1

========================================================================
Received Import Request.
  Time since last request: 0.000024 seconds.
  path: Assets/Azerilo/URP Toon Material/URP Toon 2sided.shader
  artifactKey: Guid(905262dd32d95d24c803786579ad64d1) Importer(2089858483,192608db42251d675da83286b1cce702)
Start importing Assets/Azerilo/URP Toon Material/URP Toon 2sided.shader using Guid(905262dd32d95d24c803786579ad64d1) Importer(2089858483,192608db42251d675da83286b1cce702) (ScriptedImporter) -> (artifact id: '3a7f3b073a93e7dda3f0946f5a9ff994') in 0.0089396 seconds
Number of updated asset objects reloaded before import = 0Number of asset objects unloaded after import = 1

========================================================================
Received Import Request.
  Time since last request: 0.000028 seconds.
  path: Assets/_Assets/_FBX/Sketchfab_2019_01_10_16_29_35.blend
  artifactKey: Guid(5f2ccb256760ab446b884c79dbb25d3d) Importer(2089858483,192608db42251d675da83286b1cce702)
Start importing Assets/_Assets/_FBX/Sketchfab_2019_01_10_16_29_35.blend using Guid(5f2ccb256760ab446b884c79dbb25d3d) Importer(2089858483,192608db42251d675da83286b1cce702) (ScriptedImporter) -> (artifact id: '2d6d96042b6864b9ea450e2204ee7064') in 0.0709187 seconds
Number of updated asset objects reloaded before import = 0Number of asset objects unloaded after import = 124

========================================================================
Received Prepare
Assembly reference Packages/com.unity.cinemachine/Editor/Samples/ExposeHDRPInternals/HDRP-Editor-ref.asmref has no target assembly definition
Assembly reference Packages/com.unity.cinemachine/Editor/Samples/ExposeHDRPInternals/HDRP-Editor-ref.asmref has no target assembly definition
Begin MonoManager ReloadAssembly
- Loaded All Assemblies, in  0.988 seconds
Assembly reference Packages/com.unity.cinemachine/Editor/Samples/ExposeHDRPInternals/HDRP-Editor-ref.asmref has no target assembly definition
'Packages/com.unity.cinemachine/Editor/Obsolete/CinemachineVirtualCameraBaseEditor.cs' contains partial class of Unity.Object, exactly 1 of the partial classes needs to be in a file with the same filename. This is to know the one that can be referenced from ie. GameObjects
'Packages/com.unity.cinemachine/Editor/Editors/CinemachineVirtualCameraBaseEditor.cs' contains partial class of Unity.Object, exactly 1 of the partial classes needs to be in a file with the same filename. This is to know the one that can be referenced from ie. GameObjects
Refreshing native plugins compatible for Editor in 0.46 ms, found 2 plugins.
Native extension for Android target not found
Native extension for WindowsStandalone target not found
Assembly reference Packages/com.unity.cinemachine/Editor/Samples/ExposeHDRPInternals/HDRP-Editor-ref.asmref has no target assembly definition
[Package Manager] Failed to launch server process. Reason: Unity was launched with the -noUpm command-line argument
[Package Manager] Unable to send message (not connected to server process).
[Package Manager] Cannot connect to Unity Package Manager local server
[MODES] ModeService[none].Initialize
[MODES] ModeService[none].LoadModes
Mono: successfully reloaded assembly
- Finished resetting the current domain, in  1.203 seconds
Domain Reload Profiling: 2191ms
	BeginReloadAssembly (312ms)
		ExecutionOrderSort (0ms)
		DisableScriptedObjects (6ms)
		BackupInstance (0ms)
		ReleaseScriptingObjects (0ms)
		CreateAndSetChildDomain (96ms)
	RebuildCommonClasses (49ms)
	RebuildNativeTypeToScriptingClass (15ms)
	initialDomainReloadingComplete (37ms)
	LoadAllAssembliesAndSetupDomain (573ms)
		LoadAssemblies (437ms)
		RebuildTransferFunctionScriptingTraits (0ms)
		AnalyzeDomain (292ms)
			TypeCache.Refresh (9ms)
				TypeCache.ScanAssembly (0ms)
			BuildScriptInfoCaches (262ms)
			ResolveRequiredComponents (17ms)
	FinalizeReload (1204ms)
		ReleaseScriptCaches (0ms)
		RebuildScriptCaches (0ms)
		SetupLoadedEditorAssemblies (906ms)
			LogAssemblyErrors (0ms)
			InitializePlatformSupportModulesInManaged (16ms)
			SetLoadedEditorAssemblies (6ms)
			BeforeProcessingInitializeOnLoad (80ms)
			ProcessInitializeOnLoadAttributes (622ms)
			ProcessInitializeOnLoadMethodAttributes (171ms)
			AfterProcessingInitializeOnLoad (12ms)
			EditorAssembliesLoaded (1ms)
		ExecutionOrderSort2 (0ms)
		AwakeInstancesAfterBackupRestoration (16ms)
Refreshing native plugins compatible for Editor in 1.14 ms, found 2 plugins.
Preloading 0 native plugins for Editor in 0.00 ms.
Unloading 24 Unused Serialized files (Serialized files now loaded: 0)
Unloading 4727 unused Assets / (4.2 MB). Loaded Objects now: 5424.
Memory consumption went from 125.8 MB to 121.6 MB.
Total: 17.667000 ms (FindLiveObjects: 1.460900 ms CreateObjectMapping: 2.860200 ms MarkObjects: 8.902200 ms  DeleteObjects: 4.439600 ms)

Prepare: number of updated asset objects reloaded= 0
========================================================================
Received Prepare
Assembly reference Packages/com.unity.cinemachine/Editor/Samples/ExposeHDRPInternals/HDRP-Editor-ref.asmref has no target assembly definition
Assembly reference Packages/com.unity.cinemachine/Editor/Samples/ExposeHDRPInternals/HDRP-Editor-ref.asmref has no target assembly definition
Begin MonoManager ReloadAssembly
- Loaded All Assemblies, in  0.962 seconds
Assembly reference Packages/com.unity.cinemachine/Editor/Samples/ExposeHDRPInternals/HDRP-Editor-ref.asmref has no target assembly definition
'Packages/com.unity.cinemachine/Editor/Obsolete/CinemachineVirtualCameraBaseEditor.cs' contains partial class of Unity.Object, exactly 1 of the partial classes needs to be in a file with the same filename. This is to know the one that can be referenced from ie. GameObjects
'Packages/com.unity.cinemachine/Editor/Editors/CinemachineVirtualCameraBaseEditor.cs' contains partial class of Unity.Object, exactly 1 of the partial classes needs to be in a file with the same filename. This is to know the one that can be referenced from ie. GameObjects
Refreshing native plugins compatible for Editor in 0.91 ms, found 2 plugins.
Native extension for Android target not found
Native extension for WindowsStandalone target not found
Assembly reference Packages/com.unity.cinemachine/Editor/Samples/ExposeHDRPInternals/HDRP-Editor-ref.asmref has no target assembly definition
[Package Manager] Failed to launch server process. Reason: Unity was launched with the -noUpm command-line argument
[Package Manager] Unable to send message (not connected to server process).
[Package Manager] Cannot connect to Unity Package Manager local server
[MODES] ModeService[none].Initialize
[MODES] ModeService[none].LoadModes
Mono: successfully reloaded assembly
- Finished resetting the current domain, in  1.203 seconds
Domain Reload Profiling: 2165ms
	BeginReloadAssembly (272ms)
		ExecutionOrderSort (0ms)
		DisableScriptedObjects (8ms)
		BackupInstance (0ms)
		ReleaseScriptingObjects (0ms)
		CreateAndSetChildDomain (60ms)
	RebuildCommonClasses (44ms)
	RebuildNativeTypeToScriptingClass (19ms)
	initialDomainReloadingComplete (35ms)
	LoadAllAssembliesAndSetupDomain (591ms)
		LoadAssemblies (481ms)
		RebuildTransferFunctionScriptingTraits (0ms)
		AnalyzeDomain (255ms)
			TypeCache.Refresh (8ms)
				TypeCache.ScanAssembly (0ms)
			BuildScriptInfoCaches (227ms)
			ResolveRequiredComponents (16ms)
	FinalizeReload (1204ms)
		ReleaseScriptCaches (0ms)
		RebuildScriptCaches (0ms)
		SetupLoadedEditorAssemblies (936ms)
			LogAssemblyErrors (0ms)
			InitializePlatformSupportModulesInManaged (18ms)
			SetLoadedEditorAssemblies (6ms)
			BeforeProcessingInitializeOnLoad (83ms)
			ProcessInitializeOnLoadAttributes (672ms)
			ProcessInitializeOnLoadMethodAttributes (147ms)
			AfterProcessingInitializeOnLoad (10ms)
			EditorAssembliesLoaded (1ms)
		ExecutionOrderSort2 (0ms)
		AwakeInstancesAfterBackupRestoration (13ms)
Refreshing native plugins compatible for Editor in 1.20 ms, found 2 plugins.
Preloading 0 native plugins for Editor in 0.00 ms.
Unloading 15 Unused Serialized files (Serialized files now loaded: 0)
Unloading 4724 unused Assets / (4.2 MB). Loaded Objects now: 5426.
Memory consumption went from 124.2 MB to 120.0 MB.
Total: 20.083000 ms (FindLiveObjects: 0.777100 ms CreateObjectMapping: 1.133200 ms MarkObjects: 11.458000 ms  DeleteObjects: 6.710900 ms)

Prepare: number of updated asset objects reloaded= 0
